The target system is: Linux - 2.6.36 - arm
The host system is: Linux - 4.2.0-42-generic - x86_64
Compiling the C compiler identification source file "CMakeCCompilerId.c" succeeded.
Compiler: /opt/brcm-arm/bin/arm-brcm-linux-uclibcgnueabi-gcc 
Build flags: -DRTAC68U;-DRTAC68U;-DMERLINR_VER_MAJOR_R;-DRTAC68U;-DRTAC68U;-DMERLINR_VER_MAJOR_R;-DRTAC68U;-DRTAC68U;-DMERLINR_VER_MAJOR_R;-DBCMWPA2;-DBCMQOS;-DEXT_ACS;-DD11AC_IOTYPES;-DPHYMON;-DPROXYARP;-DTRAFFIC_MGMT;-DTRAFFIC_MGMT_RSSI_POLICY;-DMFP;-D__CONFIG_MFP__;-DLINUX26;-DCONFIG_BCMWL5;-DDEBUG_NOISY;-DDEBUG_RCTEST;-pipe;-DBCMWPA2;-DBCMARM;-fno-strict-aliasing;-marm;-DRTCONFIG_NVRAM_64K;-DLINUX_KERNEL_VERSION=132644;;-DRTAC68U;-DRTAC68U;-DMERLINR_VER_MAJOR_R;-O2;-DBCM_EVENTD;-DBCM_DCS;-D__CONFIG_EMF__;-DNAS_GTK_PER_STA;-D__CONFIG_WPS__
Id flags: 

The output was:
0


Compilation of the C compiler identification source "CMakeCCompilerId.c" produced "a.out"

The C compiler identification is GNU, found in "/home/paldier/68u/release/src/router/usbmode/CMakeFiles/2.8.12.2/CompilerIdC/a.out"

Determining if the C compiler works passed with the following output:
Change Dir: /home/paldier/68u/release/src/router/usbmode/CMakeFiles/CMakeTmp

Run Build Command:/usr/bin/make "cmTryCompileExec1941833093/fast"
make[4]: Entering directory `/home/paldier/68u/release/src/router/usbmode/CMakeFiles/CMakeTmp'
/usr/bin/make -f CMakeFiles/cmTryCompileExec1941833093.dir/build.make CMakeFiles/cmTryCompileExec1941833093.dir/build
make[5]: Entering directory `/home/paldier/68u/release/src/router/usbmode/CMakeFiles/CMakeTmp'
/usr/bin/cmake -E cmake_progress_report /home/paldier/68u/release/src/router/usbmode/CMakeFiles/CMakeTmp/CMakeFiles 1
Building C object CMakeFiles/cmTryCompileExec1941833093.dir/testCCompiler.c.o
/opt/brcm-arm/bin/arm-brcm-linux-uclibcgnueabi-gcc   -DRTAC68U -DRTAC68U -DMERLINR_VER_MAJOR_R -DRTAC68U -DRTAC68U -DMERLINR_VER_MAJOR_R -DRTAC68U -DRTAC68U -DMERLINR_VER_MAJOR_R -DBCMWPA2 -DBCMQOS -DEXT_ACS -DD11AC_IOTYPES -DPHYMON -DPROXYARP -DTRAFFIC_MGMT -DTRAFFIC_MGMT_RSSI_POLICY -DMFP -D__CONFIG_MFP__ -DLINUX26 -DCONFIG_BCMWL5 -DDEBUG_NOISY -DDEBUG_RCTEST -pipe -DBCMWPA2 -DBCMARM -fno-strict-aliasing -marm -DRTCONFIG_NVRAM_64K -DLINUX_KERNEL_VERSION=132644  -DRTAC68U -DRTAC68U -DMERLINR_VER_MAJOR_R -O2 -DBCM_EVENTD -DBCM_DCS -D__CONFIG_EMF__ -DNAS_GTK_PER_STA -D__CONFIG_WPS__     -o CMakeFiles/cmTryCompileExec1941833093.dir/testCCompiler.c.o   -c /home/paldier/68u/release/src/router/usbmode/CMakeFiles/CMakeTmp/testCCompiler.c
Linking C executable cmTryCompileExec1941833093
/usr/bin/cmake -E cmake_link_script CMakeFiles/cmTryCompileExec1941833093.dir/link.txt --verbose=1
/opt/brcm-arm/bin/arm-brcm-linux-uclibcgnueabi-gcc  -DRTAC68U -DRTAC68U -DMERLINR_VER_MAJOR_R -DRTAC68U -DRTAC68U -DMERLINR_VER_MAJOR_R -DRTAC68U -DRTAC68U -DMERLINR_VER_MAJOR_R -DBCMWPA2 -DBCMQOS -DEXT_ACS -DD11AC_IOTYPES -DPHYMON -DPROXYARP -DTRAFFIC_MGMT -DTRAFFIC_MGMT_RSSI_POLICY -DMFP -D__CONFIG_MFP__ -DLINUX26 -DCONFIG_BCMWL5 -DDEBUG_NOISY -DDEBUG_RCTEST -pipe -DBCMWPA2 -DBCMARM -fno-strict-aliasing -marm -DRTCONFIG_NVRAM_64K -DLINUX_KERNEL_VERSION=132644  -DRTAC68U -DRTAC68U -DMERLINR_VER_MAJOR_R -O2 -DBCM_EVENTD -DBCM_DCS -D__CONFIG_EMF__ -DNAS_GTK_PER_STA -D__CONFIG_WPS__      CMakeFiles/cmTryCompileExec1941833093.dir/testCCompiler.c.o  -o cmTryCompileExec1941833093 -rdynamic 
make[5]: Leaving directory `/home/paldier/68u/release/src/router/usbmode/CMakeFiles/CMakeTmp'
make[4]: Leaving directory `/home/paldier/68u/release/src/router/usbmode/CMakeFiles/CMakeTmp'


Detecting C compiler ABI info compiled with the following output:
Change Dir: /home/paldier/68u/release/src/router/usbmode/CMakeFiles/CMakeTmp

Run Build Command:/usr/bin/make "cmTryCompileExec361301774/fast"
make[4]: Entering directory `/home/paldier/68u/release/src/router/usbmode/CMakeFiles/CMakeTmp'
/usr/bin/make -f CMakeFiles/cmTryCompileExec361301774.dir/build.make CMakeFiles/cmTryCompileExec361301774.dir/build
make[5]: Entering directory `/home/paldier/68u/release/src/router/usbmode/CMakeFiles/CMakeTmp'
/usr/bin/cmake -E cmake_progress_report /home/paldier/68u/release/src/router/usbmode/CMakeFiles/CMakeTmp/CMakeFiles 1
Building C object CMakeFiles/cmTryCompileExec361301774.dir/CMakeCCompilerABI.c.o
/opt/brcm-arm/bin/arm-brcm-linux-uclibcgnueabi-gcc   -DRTAC68U -DRTAC68U -DMERLINR_VER_MAJOR_R -DRTAC68U -DRTAC68U -DMERLINR_VER_MAJOR_R -DRTAC68U -DRTAC68U -DMERLINR_VER_MAJOR_R -DBCMWPA2 -DBCMQOS -DEXT_ACS -DD11AC_IOTYPES -DPHYMON -DPROXYARP -DTRAFFIC_MGMT -DTRAFFIC_MGMT_RSSI_POLICY -DMFP -D__CONFIG_MFP__ -DLINUX26 -DCONFIG_BCMWL5 -DDEBUG_NOISY -DDEBUG_RCTEST -pipe -DBCMWPA2 -DBCMARM -fno-strict-aliasing -marm -DRTCONFIG_NVRAM_64K -DLINUX_KERNEL_VERSION=132644  -DRTAC68U -DRTAC68U -DMERLINR_VER_MAJOR_R -O2 -DBCM_EVENTD -DBCM_DCS -D__CONFIG_EMF__ -DNAS_GTK_PER_STA -D__CONFIG_WPS__     -o CMakeFiles/cmTryCompileExec361301774.dir/CMakeCCompilerABI.c.o   -c /usr/share/cmake-2.8/Modules/CMakeCCompilerABI.c
Linking C executable cmTryCompileExec361301774
/usr/bin/cmake -E cmake_link_script CMakeFiles/cmTryCompileExec361301774.dir/link.txt --verbose=1
/opt/brcm-arm/bin/arm-brcm-linux-uclibcgnueabi-gcc  -DRTAC68U -DRTAC68U -DMERLINR_VER_MAJOR_R -DRTAC68U -DRTAC68U -DMERLINR_VER_MAJOR_R -DRTAC68U -DRTAC68U -DMERLINR_VER_MAJOR_R -DBCMWPA2 -DBCMQOS -DEXT_ACS -DD11AC_IOTYPES -DPHYMON -DPROXYARP -DTRAFFIC_MGMT -DTRAFFIC_MGMT_RSSI_POLICY -DMFP -D__CONFIG_MFP__ -DLINUX26 -DCONFIG_BCMWL5 -DDEBUG_NOISY -DDEBUG_RCTEST -pipe -DBCMWPA2 -DBCMARM -fno-strict-aliasing -marm -DRTCONFIG_NVRAM_64K -DLINUX_KERNEL_VERSION=132644  -DRTAC68U -DRTAC68U -DMERLINR_VER_MAJOR_R -O2 -DBCM_EVENTD -DBCM_DCS -D__CONFIG_EMF__ -DNAS_GTK_PER_STA -D__CONFIG_WPS__    -v CMakeFiles/cmTryCompileExec361301774.dir/CMakeCCompilerABI.c.o  -o cmTryCompileExec361301774 -rdynamic  
Using built-in specs.
COLLECT_GCC=/opt/brcm-arm/bin/arm-brcm-linux-uclibcgnueabi-gcc
COLLECT_LTO_WRAPPER=/home/paldier/k3_384/release/src-rt-6.x.4708/toolchains/hndtools-arm-linux-2.6.36-uclibc-4.5.3/bin/../libexec/gcc/arm-brcm-linux-uclibcgnueabi/4.5.3/lto-wrapper
Target: arm-brcm-linux-uclibcgnueabi
Configured with: /projects/toolchains_build/buildroot-2012.02-brcm/output/toolchain/gcc-4.5.3/configure --prefix=/projects/hnd/tools/linux/hndtools-arm-linux-2.6.36-uclibc-4.5.3 --build=i686-pc-linux-gnu --host=i686-pc-linux-gnu --target=arm-brcm-linux-uclibcgnueabi --enable-languages=c,c++ --with-sysroot=/projects/hnd/tools/linux/hndtools-arm-linux-2.6.36-uclibc-4.5.3/arm-brcm-linux-uclibcgnueabi/sysroot --with-build-time-tools=/projects/hnd/tools/linux/hndtools-arm-linux-2.6.36-uclibc-4.5.3/arm-brcm-linux-uclibcgnueabi/bin --disable-__cxa_atexit --enable-target-optspace --disable-libgomp --with-gnu-ld --disable-libssp --disable-multilib --disable-tls --enable-shared --with-gmp=/projects/hnd/tools/linux/hndtools-arm-linux-2.6.36-uclibc-4.5.3 --with-mpfr=/projects/hnd/tools/linux/hndtools-arm-linux-2.6.36-uclibc-4.5.3 --with-mpc=/projects/hnd/tools/linux/hndtools-arm-linux-2.6.36-uclibc-4.5.3 --enable-threads --disable-decimal-float --with-float=soft --with-abi=aapcs-linux --with-arch=armv7-a --with-tune=cortex-a9 --with-pkgversion='Buildroot 2012.02' --with-bugurl=http://bugs.buildroot.net/
Thread model: posix
gcc version 4.5.3 (Buildroot 2012.02) 
COMPILER_PATH=/home/paldier/k3_384/release/src-rt-6.x.4708/toolchains/hndtools-arm-linux-2.6.36-uclibc-4.5.3/bin/../libexec/gcc/arm-brcm-linux-uclibcgnueabi/4.5.3/:/home/paldier/k3_384/release/src-rt-6.x.4708/toolchains/hndtools-arm-linux-2.6.36-uclibc-4.5.3/bin/../libexec/gcc/:/home/paldier/k3_384/release/src-rt-6.x.4708/toolchains/hndtools-arm-linux-2.6.36-uclibc-4.5.3/bin/../lib/gcc/arm-brcm-linux-uclibcgnueabi/4.5.3/../../../../arm-brcm-linux-uclibcgnueabi/bin/
LIBRARY_PATH=/home/paldier/k3_384/release/src-rt-6.x.4708/toolchains/hndtools-arm-linux-2.6.36-uclibc-4.5.3/bin/../lib/gcc/arm-brcm-linux-uclibcgnueabi/4.5.3/:/home/paldier/k3_384/release/src-rt-6.x.4708/toolchains/hndtools-arm-linux-2.6.36-uclibc-4.5.3/bin/../lib/gcc/:/home/paldier/k3_384/release/src-rt-6.x.4708/toolchains/hndtools-arm-linux-2.6.36-uclibc-4.5.3/bin/../lib/gcc/arm-brcm-linux-uclibcgnueabi/4.5.3/../../../../arm-brcm-linux-uclibcgnueabi/lib/:/home/paldier/k3_384/release/src-rt-6.x.4708/toolchains/hndtools-arm-linux-2.6.36-uclibc-4.5.3/bin/../arm-brcm-linux-uclibcgnueabi/sysroot/lib/:/home/paldier/k3_384/release/src-rt-6.x.4708/toolchains/hndtools-arm-linux-2.6.36-uclibc-4.5.3/bin/../arm-brcm-linux-uclibcgnueabi/sysroot/usr/lib/
COLLECT_GCC_OPTIONS='-DRTAC68U' '-DRTAC68U' '-DMERLINR_VER_MAJOR_R' '-DRTAC68U' '-DRTAC68U' '-DMERLINR_VER_MAJOR_R' '-DRTAC68U' '-DRTAC68U' '-DMERLINR_VER_MAJOR_R' '-DBCMWPA2' '-DBCMQOS' '-DEXT_ACS' '-DD11AC_IOTYPES' '-DPHYMON' '-DPROXYARP' '-DTRAFFIC_MGMT' '-DTRAFFIC_MGMT_RSSI_POLICY' '-DMFP' '-D__CONFIG_MFP__' '-DLINUX26' '-DCONFIG_BCMWL5' '-DDEBUG_NOISY' '-DDEBUG_RCTEST' '-pipe' '-DBCMWPA2' '-DBCMARM' '-fno-strict-aliasing' '-marm' '-DRTCONFIG_NVRAM_64K' '-DLINUX_KERNEL_VERSION=132644' '-DRTAC68U' '-DRTAC68U' '-DMERLINR_VER_MAJOR_R' '-O2' '-DBCM_EVENTD' '-DBCM_DCS' '-D__CONFIG_EMF__' '-DNAS_GTK_PER_STA' '-D__CONFIG_WPS__' '-v' '-o' 'cmTryCompileExec361301774' '-rdynamic' '-march=armv7-a' '-mtune=cortex-a9' '-mfloat-abi=soft' '-mabi=aapcs-linux'
 /home/paldier/k3_384/release/src-rt-6.x.4708/toolchains/hndtools-arm-linux-2.6.36-uclibc-4.5.3/bin/../libexec/gcc/arm-brcm-linux-uclibcgnueabi/4.5.3/collect2 --sysroot=/home/paldier/k3_384/release/src-rt-6.x.4708/toolchains/hndtools-arm-linux-2.6.36-uclibc-4.5.3/bin/../arm-brcm-linux-uclibcgnueabi/sysroot --eh-frame-hdr -export-dynamic -dynamic-linker /lib/ld-uClibc.so.0 -X -m armelf_linux_eabi -o cmTryCompileExec361301774 /home/paldier/k3_384/release/src-rt-6.x.4708/toolchains/hndtools-arm-linux-2.6.36-uclibc-4.5.3/bin/../arm-brcm-linux-uclibcgnueabi/sysroot/usr/lib/crt1.o /home/paldier/k3_384/release/src-rt-6.x.4708/toolchains/hndtools-arm-linux-2.6.36-uclibc-4.5.3/bin/../arm-brcm-linux-uclibcgnueabi/sysroot/usr/lib/crti.o /home/paldier/k3_384/release/src-rt-6.x.4708/toolchains/hndtools-arm-linux-2.6.36-uclibc-4.5.3/bin/../lib/gcc/arm-brcm-linux-uclibcgnueabi/4.5.3/crtbegin.o -L/home/paldier/k3_384/release/src-rt-6.x.4708/toolchains/hndtools-arm-linux-2.6.36-uclibc-4.5.3/bin/../lib/gcc/arm-brcm-linux-uclibcgnueabi/4.5.3 -L/home/paldier/k3_384/release/src-rt-6.x.4708/toolchains/hndtools-arm-linux-2.6.36-uclibc-4.5.3/bin/../lib/gcc -L/home/paldier/k3_384/release/src-rt-6.x.4708/toolchains/hndtools-arm-linux-2.6.36-uclibc-4.5.3/bin/../lib/gcc/arm-brcm-linux-uclibcgnueabi/4.5.3/../../../../arm-brcm-linux-uclibcgnueabi/lib -L/home/paldier/k3_384/release/src-rt-6.x.4708/toolchains/hndtools-arm-linux-2.6.36-uclibc-4.5.3/bin/../arm-brcm-linux-uclibcgnueabi/sysroot/lib -L/home/paldier/k3_384/release/src-rt-6.x.4708/toolchains/hndtools-arm-linux-2.6.36-uclibc-4.5.3/bin/../arm-brcm-linux-uclibcgnueabi/sysroot/usr/lib CMakeFiles/cmTryCompileExec361301774.dir/CMakeCCompilerABI.c.o -lgcc --as-needed -lgcc_s --no-as-needed -lc -lgcc --as-needed -lgcc_s --no-as-needed /home/paldier/k3_384/release/src-rt-6.x.4708/toolchains/hndtools-arm-linux-2.6.36-uclibc-4.5.3/bin/../lib/gcc/arm-brcm-linux-uclibcgnueabi/4.5.3/crtend.o /home/paldier/k3_384/release/src-rt-6.x.4708/toolchains/hndtools-arm-linux-2.6.36-uclibc-4.5.3/bin/../arm-brcm-linux-uclibcgnueabi/sysroot/usr/lib/crtn.o
make[5]: Leaving directory `/home/paldier/68u/release/src/router/usbmode/CMakeFiles/CMakeTmp'
make[4]: Leaving directory `/home/paldier/68u/release/src/router/usbmode/CMakeFiles/CMakeTmp'


Parsed C implicit link information from above output:
  link line regex: [^( *|.*[/\])(arm-brcm-linux-uclibcgnueabi-ld|([^/\]+-)?ld|collect2)[^/\]*( |$)]
  ignore line: [Change Dir: /home/paldier/68u/release/src/router/usbmode/CMakeFiles/CMakeTmp]
  ignore line: []
  ignore line: [Run Build Command:/usr/bin/make "cmTryCompileExec361301774/fast"]
  ignore line: [make[4]: Entering directory `/home/paldier/68u/release/src/router/usbmode/CMakeFiles/CMakeTmp']
  ignore line: [/usr/bin/make -f CMakeFiles/cmTryCompileExec361301774.dir/build.make CMakeFiles/cmTryCompileExec361301774.dir/build]
  ignore line: [make[5]: Entering directory `/home/paldier/68u/release/src/router/usbmode/CMakeFiles/CMakeTmp']
  ignore line: [/usr/bin/cmake -E cmake_progress_report /home/paldier/68u/release/src/router/usbmode/CMakeFiles/CMakeTmp/CMakeFiles 1]
  ignore line: [Building C object CMakeFiles/cmTryCompileExec361301774.dir/CMakeCCompilerABI.c.o]
  ignore line: [/opt/brcm-arm/bin/arm-brcm-linux-uclibcgnueabi-gcc   -DRTAC68U -DRTAC68U -DMERLINR_VER_MAJOR_R -DRTAC68U -DRTAC68U -DMERLINR_VER_MAJOR_R -DRTAC68U -DRTAC68U -DMERLINR_VER_MAJOR_R -DBCMWPA2 -DBCMQOS -DEXT_ACS -DD11AC_IOTYPES -DPHYMON -DPROXYARP -DTRAFFIC_MGMT -DTRAFFIC_MGMT_RSSI_POLICY -DMFP -D__CONFIG_MFP__ -DLINUX26 -DCONFIG_BCMWL5 -DDEBUG_NOISY -DDEBUG_RCTEST -pipe -DBCMWPA2 -DBCMARM -fno-strict-aliasing -marm -DRTCONFIG_NVRAM_64K -DLINUX_KERNEL_VERSION=132644  -DRTAC68U -DRTAC68U -DMERLINR_VER_MAJOR_R -O2 -DBCM_EVENTD -DBCM_DCS -D__CONFIG_EMF__ -DNAS_GTK_PER_STA -D__CONFIG_WPS__     -o CMakeFiles/cmTryCompileExec361301774.dir/CMakeCCompilerABI.c.o   -c /usr/share/cmake-2.8/Modules/CMakeCCompilerABI.c]
  ignore line: [Linking C executable cmTryCompileExec361301774]
  ignore line: [/usr/bin/cmake -E cmake_link_script CMakeFiles/cmTryCompileExec361301774.dir/link.txt --verbose=1]
  ignore line: [/opt/brcm-arm/bin/arm-brcm-linux-uclibcgnueabi-gcc  -DRTAC68U -DRTAC68U -DMERLINR_VER_MAJOR_R -DRTAC68U -DRTAC68U -DMERLINR_VER_MAJOR_R -DRTAC68U -DRTAC68U -DMERLINR_VER_MAJOR_R -DBCMWPA2 -DBCMQOS -DEXT_ACS -DD11AC_IOTYPES -DPHYMON -DPROXYARP -DTRAFFIC_MGMT -DTRAFFIC_MGMT_RSSI_POLICY -DMFP -D__CONFIG_MFP__ -DLINUX26 -DCONFIG_BCMWL5 -DDEBUG_NOISY -DDEBUG_RCTEST -pipe -DBCMWPA2 -DBCMARM -fno-strict-aliasing -marm -DRTCONFIG_NVRAM_64K -DLINUX_KERNEL_VERSION=132644  -DRTAC68U -DRTAC68U -DMERLINR_VER_MAJOR_R -O2 -DBCM_EVENTD -DBCM_DCS -D__CONFIG_EMF__ -DNAS_GTK_PER_STA -D__CONFIG_WPS__    -v CMakeFiles/cmTryCompileExec361301774.dir/CMakeCCompilerABI.c.o  -o cmTryCompileExec361301774 -rdynamic  ]
  ignore line: [Using built-in specs.]
  ignore line: [COLLECT_GCC=/opt/brcm-arm/bin/arm-brcm-linux-uclibcgnueabi-gcc]
  ignore line: [COLLECT_LTO_WRAPPER=/home/paldier/k3_384/release/src-rt-6.x.4708/toolchains/hndtools-arm-linux-2.6.36-uclibc-4.5.3/bin/../libexec/gcc/arm-brcm-linux-uclibcgnueabi/4.5.3/lto-wrapper]
  ignore line: [Target: arm-brcm-linux-uclibcgnueabi]
  ignore line: [Configured with: /projects/toolchains_build/buildroot-2012.02-brcm/output/toolchain/gcc-4.5.3/configure --prefix=/projects/hnd/tools/linux/hndtools-arm-linux-2.6.36-uclibc-4.5.3 --build=i686-pc-linux-gnu --host=i686-pc-linux-gnu --target=arm-brcm-linux-uclibcgnueabi --enable-languages=c,c++ --with-sysroot=/projects/hnd/tools/linux/hndtools-arm-linux-2.6.36-uclibc-4.5.3/arm-brcm-linux-uclibcgnueabi/sysroot --with-build-time-tools=/projects/hnd/tools/linux/hndtools-arm-linux-2.6.36-uclibc-4.5.3/arm-brcm-linux-uclibcgnueabi/bin --disable-__cxa_atexit --enable-target-optspace --disable-libgomp --with-gnu-ld --disable-libssp --disable-multilib --disable-tls --enable-shared --with-gmp=/projects/hnd/tools/linux/hndtools-arm-linux-2.6.36-uclibc-4.5.3 --with-mpfr=/projects/hnd/tools/linux/hndtools-arm-linux-2.6.36-uclibc-4.5.3 --with-mpc=/projects/hnd/tools/linux/hndtools-arm-linux-2.6.36-uclibc-4.5.3 --enable-threads --disable-decimal-float --with-float=soft --with-abi=aapcs-linux --with-arch=armv7-a --with-tune=cortex-a9 --with-pkgversion='Buildroot 2012.02' --with-bugurl=http://bugs.buildroot.net/]
  ignore line: [Thread model: posix]
  ignore line: [gcc version 4.5.3 (Buildroot 2012.02) ]
  ignore line: [COMPILER_PATH=/home/paldier/k3_384/release/src-rt-6.x.4708/toolchains/hndtools-arm-linux-2.6.36-uclibc-4.5.3/bin/../libexec/gcc/arm-brcm-linux-uclibcgnueabi/4.5.3/:/home/paldier/k3_384/release/src-rt-6.x.4708/toolchains/hndtools-arm-linux-2.6.36-uclibc-4.5.3/bin/../libexec/gcc/:/home/paldier/k3_384/release/src-rt-6.x.4708/toolchains/hndtools-arm-linux-2.6.36-uclibc-4.5.3/bin/../lib/gcc/arm-brcm-linux-uclibcgnueabi/4.5.3/../../../../arm-brcm-linux-uclibcgnueabi/bin/]
  ignore line: [LIBRARY_PATH=/home/paldier/k3_384/release/src-rt-6.x.4708/toolchains/hndtools-arm-linux-2.6.36-uclibc-4.5.3/bin/../lib/gcc/arm-brcm-linux-uclibcgnueabi/4.5.3/:/home/paldier/k3_384/release/src-rt-6.x.4708/toolchains/hndtools-arm-linux-2.6.36-uclibc-4.5.3/bin/../lib/gcc/:/home/paldier/k3_384/release/src-rt-6.x.4708/toolchains/hndtools-arm-linux-2.6.36-uclibc-4.5.3/bin/../lib/gcc/arm-brcm-linux-uclibcgnueabi/4.5.3/../../../../arm-brcm-linux-uclibcgnueabi/lib/:/home/paldier/k3_384/release/src-rt-6.x.4708/toolchains/hndtools-arm-linux-2.6.36-uclibc-4.5.3/bin/../arm-brcm-linux-uclibcgnueabi/sysroot/lib/:/home/paldier/k3_384/release/src-rt-6.x.4708/toolchains/hndtools-arm-linux-2.6.36-uclibc-4.5.3/bin/../arm-brcm-linux-uclibcgnueabi/sysroot/usr/lib/]
  ignore line: [COLLECT_GCC_OPTIONS='-DRTAC68U' '-DRTAC68U' '-DMERLINR_VER_MAJOR_R' '-DRTAC68U' '-DRTAC68U' '-DMERLINR_VER_MAJOR_R' '-DRTAC68U' '-DRTAC68U' '-DMERLINR_VER_MAJOR_R' '-DBCMWPA2' '-DBCMQOS' '-DEXT_ACS' '-DD11AC_IOTYPES' '-DPHYMON' '-DPROXYARP' '-DTRAFFIC_MGMT' '-DTRAFFIC_MGMT_RSSI_POLICY' '-DMFP' '-D__CONFIG_MFP__' '-DLINUX26' '-DCONFIG_BCMWL5' '-DDEBUG_NOISY' '-DDEBUG_RCTEST' '-pipe' '-DBCMWPA2' '-DBCMARM' '-fno-strict-aliasing' '-marm' '-DRTCONFIG_NVRAM_64K' '-DLINUX_KERNEL_VERSION=132644' '-DRTAC68U' '-DRTAC68U' '-DMERLINR_VER_MAJOR_R' '-O2' '-DBCM_EVENTD' '-DBCM_DCS' '-D__CONFIG_EMF__' '-DNAS_GTK_PER_STA' '-D__CONFIG_WPS__' '-v' '-o' 'cmTryCompileExec361301774' '-rdynamic' '-march=armv7-a' '-mtune=cortex-a9' '-mfloat-abi=soft' '-mabi=aapcs-linux']
  link line: [ /home/paldier/k3_384/release/src-rt-6.x.4708/toolchains/hndtools-arm-linux-2.6.36-uclibc-4.5.3/bin/../libexec/gcc/arm-brcm-linux-uclibcgnueabi/4.5.3/collect2 --sysroot=/home/paldier/k3_384/release/src-rt-6.x.4708/toolchains/hndtools-arm-linux-2.6.36-uclibc-4.5.3/bin/../arm-brcm-linux-uclibcgnueabi/sysroot --eh-frame-hdr -export-dynamic -dynamic-linker /lib/ld-uClibc.so.0 -X -m armelf_linux_eabi -o cmTryCompileExec361301774 /home/paldier/k3_384/release/src-rt-6.x.4708/toolchains/hndtools-arm-linux-2.6.36-uclibc-4.5.3/bin/../arm-brcm-linux-uclibcgnueabi/sysroot/usr/lib/crt1.o /home/paldier/k3_384/release/src-rt-6.x.4708/toolchains/hndtools-arm-linux-2.6.36-uclibc-4.5.3/bin/../arm-brcm-linux-uclibcgnueabi/sysroot/usr/lib/crti.o /home/paldier/k3_384/release/src-rt-6.x.4708/toolchains/hndtools-arm-linux-2.6.36-uclibc-4.5.3/bin/../lib/gcc/arm-brcm-linux-uclibcgnueabi/4.5.3/crtbegin.o -L/home/paldier/k3_384/release/src-rt-6.x.4708/toolchains/hndtools-arm-linux-2.6.36-uclibc-4.5.3/bin/../lib/gcc/arm-brcm-linux-uclibcgnueabi/4.5.3 -L/home/paldier/k3_384/release/src-rt-6.x.4708/toolchains/hndtools-arm-linux-2.6.36-uclibc-4.5.3/bin/../lib/gcc -L/home/paldier/k3_384/release/src-rt-6.x.4708/toolchains/hndtools-arm-linux-2.6.36-uclibc-4.5.3/bin/../lib/gcc/arm-brcm-linux-uclibcgnueabi/4.5.3/../../../../arm-brcm-linux-uclibcgnueabi/lib -L/home/paldier/k3_384/release/src-rt-6.x.4708/toolchains/hndtools-arm-linux-2.6.36-uclibc-4.5.3/bin/../arm-brcm-linux-uclibcgnueabi/sysroot/lib -L/home/paldier/k3_384/release/src-rt-6.x.4708/toolchains/hndtools-arm-linux-2.6.36-uclibc-4.5.3/bin/../arm-brcm-linux-uclibcgnueabi/sysroot/usr/lib CMakeFiles/cmTryCompileExec361301774.dir/CMakeCCompilerABI.c.o -lgcc --as-needed -lgcc_s --no-as-needed -lc -lgcc --as-needed -lgcc_s --no-as-needed /home/paldier/k3_384/release/src-rt-6.x.4708/toolchains/hndtools-arm-linux-2.6.36-uclibc-4.5.3/bin/../lib/gcc/arm-brcm-linux-uclibcgnueabi/4.5.3/crtend.o /home/paldier/k3_384/release/src-rt-6.x.4708/toolchains/hndtools-arm-linux-2.6.36-uclibc-4.5.3/bin/../arm-brcm-linux-uclibcgnueabi/sysroot/usr/lib/crtn.o]
    arg [/home/paldier/k3_384/release/src-rt-6.x.4708/toolchains/hndtools-arm-linux-2.6.36-uclibc-4.5.3/bin/../libexec/gcc/arm-brcm-linux-uclibcgnueabi/4.5.3/collect2] ==> ignore
    arg [--sysroot=/home/paldier/k3_384/release/src-rt-6.x.4708/toolchains/hndtools-arm-linux-2.6.36-uclibc-4.5.3/bin/../arm-brcm-linux-uclibcgnueabi/sysroot] ==> ignore
    arg [--eh-frame-hdr] ==> ignore
    arg [-export-dynamic] ==> ignore
    arg [-dynamic-linker] ==> ignore
    arg [/lib/ld-uClibc.so.0] ==> ignore
    arg [-X] ==> ignore
    arg [-m] ==> ignore
    arg [armelf_linux_eabi] ==> ignore
    arg [-o] ==> ignore
    arg [cmTryCompileExec361301774] ==> ignore
    arg [/home/paldier/k3_384/release/src-rt-6.x.4708/toolchains/hndtools-arm-linux-2.6.36-uclibc-4.5.3/bin/../arm-brcm-linux-uclibcgnueabi/sysroot/usr/lib/crt1.o] ==> ignore
    arg [/home/paldier/k3_384/release/src-rt-6.x.4708/toolchains/hndtools-arm-linux-2.6.36-uclibc-4.5.3/bin/../arm-brcm-linux-uclibcgnueabi/sysroot/usr/lib/crti.o] ==> ignore
    arg [/home/paldier/k3_384/release/src-rt-6.x.4708/toolchains/hndtools-arm-linux-2.6.36-uclibc-4.5.3/bin/../lib/gcc/arm-brcm-linux-uclibcgnueabi/4.5.3/crtbegin.o] ==> ignore
    arg [-L/home/paldier/k3_384/release/src-rt-6.x.4708/toolchains/hndtools-arm-linux-2.6.36-uclibc-4.5.3/bin/../lib/gcc/arm-brcm-linux-uclibcgnueabi/4.5.3] ==> dir [/home/paldier/k3_384/release/src-rt-6.x.4708/toolchains/hndtools-arm-linux-2.6.36-uclibc-4.5.3/bin/../lib/gcc/arm-brcm-linux-uclibcgnueabi/4.5.3]
    arg [-L/home/paldier/k3_384/release/src-rt-6.x.4708/toolchains/hndtools-arm-linux-2.6.36-uclibc-4.5.3/bin/../lib/gcc] ==> dir [/home/paldier/k3_384/release/src-rt-6.x.4708/toolchains/hndtools-arm-linux-2.6.36-uclibc-4.5.3/bin/../lib/gcc]
    arg [-L/home/paldier/k3_384/release/src-rt-6.x.4708/toolchains/hndtools-arm-linux-2.6.36-uclibc-4.5.3/bin/../lib/gcc/arm-brcm-linux-uclibcgnueabi/4.5.3/../../../../arm-brcm-linux-uclibcgnueabi/lib] ==> dir [/home/paldier/k3_384/release/src-rt-6.x.4708/toolchains/hndtools-arm-linux-2.6.36-uclibc-4.5.3/bin/../lib/gcc/arm-brcm-linux-uclibcgnueabi/4.5.3/../../../../arm-brcm-linux-uclibcgnueabi/lib]
    arg [-L/home/paldier/k3_384/release/src-rt-6.x.4708/toolchains/hndtools-arm-linux-2.6.36-uclibc-4.5.3/bin/../arm-brcm-linux-uclibcgnueabi/sysroot/lib] ==> dir [/home/paldier/k3_384/release/src-rt-6.x.4708/toolchains/hndtools-arm-linux-2.6.36-uclibc-4.5.3/bin/../arm-brcm-linux-uclibcgnueabi/sysroot/lib]
    arg [-L/home/paldier/k3_384/release/src-rt-6.x.4708/toolchains/hndtools-arm-linux-2.6.36-uclibc-4.5.3/bin/../arm-brcm-linux-uclibcgnueabi/sysroot/usr/lib] ==> dir [/home/paldier/k3_384/release/src-rt-6.x.4708/toolchains/hndtools-arm-linux-2.6.36-uclibc-4.5.3/bin/../arm-brcm-linux-uclibcgnueabi/sysroot/usr/lib]
    arg [CMakeFiles/cmTryCompileExec361301774.dir/CMakeCCompilerABI.c.o] ==> ignore
    arg [-lgcc] ==> lib [gcc]
    arg [--as-needed] ==> ignore
    arg [-lgcc_s] ==> lib [gcc_s]
    arg [--no-as-needed] ==> ignore
    arg [-lc] ==> lib [c]
    arg [-lgcc] ==> lib [gcc]
    arg [--as-needed] ==> ignore
    arg [-lgcc_s] ==> lib [gcc_s]
    arg [--no-as-needed] ==> ignore
    arg [/home/paldier/k3_384/release/src-rt-6.x.4708/toolchains/hndtools-arm-linux-2.6.36-uclibc-4.5.3/bin/../lib/gcc/arm-brcm-linux-uclibcgnueabi/4.5.3/crtend.o] ==> ignore
    arg [/home/paldier/k3_384/release/src-rt-6.x.4708/toolchains/hndtools-arm-linux-2.6.36-uclibc-4.5.3/bin/../arm-brcm-linux-uclibcgnueabi/sysroot/usr/lib/crtn.o] ==> ignore
  remove lib [gcc]
  remove lib [gcc_s]
  remove lib [gcc]
  remove lib [gcc_s]
  collapse library dir [/home/paldier/k3_384/release/src-rt-6.x.4708/toolchains/hndtools-arm-linux-2.6.36-uclibc-4.5.3/bin/../lib/gcc/arm-brcm-linux-uclibcgnueabi/4.5.3] ==> [/home/paldier/k3_384/release/src-rt-6.x.4708/toolchains/hndtools-arm-linux-2.6.36-uclibc-4.5.3/lib/gcc/arm-brcm-linux-uclibcgnueabi/4.5.3]
  collapse library dir [/home/paldier/k3_384/release/src-rt-6.x.4708/toolchains/hndtools-arm-linux-2.6.36-uclibc-4.5.3/bin/../lib/gcc] ==> [/home/paldier/k3_384/release/src-rt-6.x.4708/toolchains/hndtools-arm-linux-2.6.36-uclibc-4.5.3/lib/gcc]
  collapse library dir [/home/paldier/k3_384/release/src-rt-6.x.4708/toolchains/hndtools-arm-linux-2.6.36-uclibc-4.5.3/bin/../lib/gcc/arm-brcm-linux-uclibcgnueabi/4.5.3/../../../../arm-brcm-linux-uclibcgnueabi/lib] ==> [/home/paldier/k3_384/release/src-rt-6.x.4708/toolchains/hndtools-arm-linux-2.6.36-uclibc-4.5.3/arm-brcm-linux-uclibcgnueabi/lib]
  collapse library dir [/home/paldier/k3_384/release/src-rt-6.x.4708/toolchains/hndtools-arm-linux-2.6.36-uclibc-4.5.3/bin/../arm-brcm-linux-uclibcgnueabi/sysroot/lib] ==> [/home/paldier/k3_384/release/src-rt-6.x.4708/toolchains/hndtools-arm-linux-2.6.36-uclibc-4.5.3/arm-brcm-linux-uclibcgnueabi/sysroot/lib]
  collapse library dir [/home/paldier/k3_384/release/src-rt-6.x.4708/toolchains/hndtools-arm-linux-2.6.36-uclibc-4.5.3/bin/../arm-brcm-linux-uclibcgnueabi/sysroot/usr/lib] ==> [/home/paldier/k3_384/release/src-rt-6.x.4708/toolchains/hndtools-arm-linux-2.6.36-uclibc-4.5.3/arm-brcm-linux-uclibcgnueabi/sysroot/usr/lib]
  implicit libs: [c]
  implicit dirs: [/home/paldier/k3_384/release/src-rt-6.x.4708/toolchains/hndtools-arm-linux-2.6.36-uclibc-4.5.3/lib/gcc/arm-brcm-linux-uclibcgnueabi/4.5.3;/home/paldier/k3_384/release/src-rt-6.x.4708/toolchains/hndtools-arm-linux-2.6.36-uclibc-4.5.3/lib/gcc;/home/paldier/k3_384/release/src-rt-6.x.4708/toolchains/hndtools-arm-linux-2.6.36-uclibc-4.5.3/arm-brcm-linux-uclibcgnueabi/lib;/home/paldier/k3_384/release/src-rt-6.x.4708/toolchains/hndtools-arm-linux-2.6.36-uclibc-4.5.3/arm-brcm-linux-uclibcgnueabi/sysroot/lib;/home/paldier/k3_384/release/src-rt-6.x.4708/toolchains/hndtools-arm-linux-2.6.36-uclibc-4.5.3/arm-brcm-linux-uclibcgnueabi/sysroot/usr/lib]
  implicit fwks: []


